
*** Running vivado
    with args -log logic_analyser.vds -m64 -product Vivado -mode batch -messageDb vivado.pb -notrace -source logic_analyser.tcl


****** Vivado v2016.4 (64-bit)
  **** SW Build 1733598 on Wed Dec 14 22:35:39 MST 2016
  **** IP Build 1731160 on Wed Dec 14 23:47:21 MST 2016
    ** Copyright 1986-2016 Xilinx, Inc. All Rights Reserved.

source logic_analyser.tcl -notrace
Command: synth_design -top logic_analyser -part xc7k70tfbv676-1
Starting synth_design
Attempting to get a license for feature 'Synthesis' and/or device 'xc7k70t'
INFO: [Common 17-349] Got license for feature 'Synthesis' and/or device 'xc7k70t'
INFO: Launching helper process for spawning children vivado processes
INFO: Helper process launched with PID 9276 
---------------------------------------------------------------------------------
Starting RTL Elaboration : Time (s): cpu = 00:00:04 ; elapsed = 00:00:05 . Memory (MB): peak = 339.023 ; gain = 127.730
---------------------------------------------------------------------------------
INFO: [Synth 8-638] synthesizing module 'logic_analyser' [C:/Users/Keon/Dropbox/Senior_Design_3/Senior_Design_Built_In_FIFO/Senior_Design_Built_In_FIFO.srcs/sources_1/new/logic_analyser.vhd:26]
	Parameter n_of_inputs bound to: 4 - type: integer 
	Parameter b_width bound to: 4 - type: integer 
	Parameter fifo_mem_size bound to: 1024 - type: integer 
	Parameter N bound to: 4 - type: integer 
INFO: [Synth 8-3491] module 'write_clk_generator' declared at 'C:/Users/Keon/Dropbox/Senior_Design_3/Senior_Design_Built_In_FIFO/Senior_Design_Built_In_FIFO.srcs/sources_1/new/FIFO_write_clk_generator.vhd:8' bound to instance 'u_clk_gen' of component 'write_clk_generator' [C:/Users/Keon/Dropbox/Senior_Design_3/Senior_Design_Built_In_FIFO/Senior_Design_Built_In_FIFO.srcs/sources_1/new/logic_analyser.vhd:108]
INFO: [Synth 8-638] synthesizing module 'write_clk_generator' [C:/Users/Keon/Dropbox/Senior_Design_3/Senior_Design_Built_In_FIFO/Senior_Design_Built_In_FIFO.srcs/sources_1/new/FIFO_write_clk_generator.vhd:19]
	Parameter N bound to: 4 - type: integer 
INFO: [Synth 8-256] done synthesizing module 'write_clk_generator' (1#1) [C:/Users/Keon/Dropbox/Senior_Design_3/Senior_Design_Built_In_FIFO/Senior_Design_Built_In_FIFO.srcs/sources_1/new/FIFO_write_clk_generator.vhd:19]
WARNING: [Synth 8-549] port width mismatch for port 'off_time_factor': port width = 5, actual width = 32 [C:/Users/Keon/Dropbox/Senior_Design_3/Senior_Design_Built_In_FIFO/Senior_Design_Built_In_FIFO.srcs/sources_1/new/logic_analyser.vhd:69]
	Parameter num_of_inputs bound to: 4 - type: integer 
	Parameter buffer_width bound to: 4 - type: integer 
INFO: [Synth 8-3491] module 'input_buffer' declared at 'C:/Users/Keon/Dropbox/Senior_Design_3/Senior_Design_Built_In_FIFO/Senior_Design_Built_In_FIFO.srcs/sources_1/new/input_buffer.vhd:13' bound to instance 'u_buffer' of component 'Input_Buffer' [C:/Users/Keon/Dropbox/Senior_Design_3/Senior_Design_Built_In_FIFO/Senior_Design_Built_In_FIFO.srcs/sources_1/new/logic_analyser.vhd:119]
INFO: [Synth 8-638] synthesizing module 'input_buffer' [C:/Users/Keon/Dropbox/Senior_Design_3/Senior_Design_Built_In_FIFO/Senior_Design_Built_In_FIFO.srcs/sources_1/new/input_buffer.vhd:31]
	Parameter num_of_inputs bound to: 4 - type: integer 
	Parameter buffer_width bound to: 4 - type: integer 
WARNING: [Synth 8-614] signal 'buffer_en' is read in the process but is not in the sensitivity list [C:/Users/Keon/Dropbox/Senior_Design_3/Senior_Design_Built_In_FIFO/Senior_Design_Built_In_FIFO.srcs/sources_1/new/input_buffer.vhd:44]
WARNING: [Synth 8-614] signal 'zero_buffer' is read in the process but is not in the sensitivity list [C:/Users/Keon/Dropbox/Senior_Design_3/Senior_Design_Built_In_FIFO/Senior_Design_Built_In_FIFO.srcs/sources_1/new/input_buffer.vhd:44]
WARNING: [Synth 8-614] signal 'buffer_en' is read in the process but is not in the sensitivity list [C:/Users/Keon/Dropbox/Senior_Design_3/Senior_Design_Built_In_FIFO/Senior_Design_Built_In_FIFO.srcs/sources_1/new/input_buffer.vhd:60]
INFO: [Synth 8-256] done synthesizing module 'input_buffer' (2#1) [C:/Users/Keon/Dropbox/Senior_Design_3/Senior_Design_Built_In_FIFO/Senior_Design_Built_In_FIFO.srcs/sources_1/new/input_buffer.vhd:31]
	Parameter mem_size bound to: 1024 - type: integer 
	Parameter mem_width bound to: 16 - type: integer 
INFO: [Synth 8-3491] module 'FIFO' declared at 'C:/Users/Keon/Dropbox/Senior_Design_3/Senior_Design_Built_In_FIFO/Senior_Design_Built_In_FIFO.srcs/sources_1/new/FIFO.vhd:14' bound to instance 'u_fifo' of component 'FIFO' [C:/Users/Keon/Dropbox/Senior_Design_3/Senior_Design_Built_In_FIFO/Senior_Design_Built_In_FIFO.srcs/sources_1/new/logic_analyser.vhd:135]
INFO: [Synth 8-638] synthesizing module 'FIFO' [C:/Users/Keon/Dropbox/Senior_Design_3/Senior_Design_Built_In_FIFO/Senior_Design_Built_In_FIFO.srcs/sources_1/new/FIFO.vhd:32]
	Parameter mem_size bound to: 1024 - type: integer 
	Parameter mem_width bound to: 16 - type: integer 
INFO: [Synth 8-3491] module 'bram_fifo' declared at 'C:/Users/Keon/Dropbox/Senior_Design_3/Senior_Design_Built_In_FIFO/Senior_Design_Built_In_FIFO.runs/synth_1/.Xil/Vivado-8092-Keon-PC/realtime/bram_fifo_stub.vhdl:5' bound to instance 'b_fifo' of component 'bram_fifo' [C:/Users/Keon/Dropbox/Senior_Design_3/Senior_Design_Built_In_FIFO/Senior_Design_Built_In_FIFO.srcs/sources_1/new/FIFO.vhd:55]
INFO: [Synth 8-638] synthesizing module 'bram_fifo' [C:/Users/Keon/Dropbox/Senior_Design_3/Senior_Design_Built_In_FIFO/Senior_Design_Built_In_FIFO.runs/synth_1/.Xil/Vivado-8092-Keon-PC/realtime/bram_fifo_stub.vhdl:20]
INFO: [Synth 8-256] done synthesizing module 'FIFO' (3#1) [C:/Users/Keon/Dropbox/Senior_Design_3/Senior_Design_Built_In_FIFO/Senior_Design_Built_In_FIFO.srcs/sources_1/new/FIFO.vhd:32]
INFO: [Synth 8-256] done synthesizing module 'logic_analyser' (4#1) [C:/Users/Keon/Dropbox/Senior_Design_3/Senior_Design_Built_In_FIFO/Senior_Design_Built_In_FIFO.srcs/sources_1/new/logic_analyser.vhd:26]
---------------------------------------------------------------------------------
Finished RTL Elaboration : Time (s): cpu = 00:00:05 ; elapsed = 00:00:05 . Memory (MB): peak = 377.223 ; gain = 165.930
---------------------------------------------------------------------------------

Report Check Netlist: 
+------+------------------+-------+---------+-------+------------------+
|      |Item              |Errors |Warnings |Status |Description       |
+------+------------------+-------+---------+-------+------------------+
|1     |multi_driven_nets |      0|        0|Passed |Multi driven nets |
+------+------------------+-------+---------+-------+------------------+
---------------------------------------------------------------------------------
Finished RTL Optimization Phase 1 : Time (s): cpu = 00:00:05 ; elapsed = 00:00:05 . Memory (MB): peak = 377.223 ; gain = 165.930
---------------------------------------------------------------------------------
WARNING: [Project 1-486] Could not resolve non-primitive black box cell 'bram_fifo' instantiated as 'u_fifo/b_fifo' [C:/Users/Keon/Dropbox/Senior_Design_3/Senior_Design_Built_In_FIFO/Senior_Design_Built_In_FIFO.srcs/sources_1/new/FIFO.vhd:55]
INFO: [Device 21-403] Loading part xc7k70tfbv676-1
INFO: [Project 1-570] Preparing netlist for logic optimization

Processing XDC Constraints
Initializing timing engine
Parsing XDC File [C:/Users/Keon/Dropbox/Senior_Design_3/Senior_Design_Built_In_FIFO/Senior_Design_Built_In_FIFO.runs/synth_1/.Xil/Vivado-8092-Keon-PC/dcp/bram_fifo_in_context.xdc] for cell 'u_fifo/b_fifo'
Finished Parsing XDC File [C:/Users/Keon/Dropbox/Senior_Design_3/Senior_Design_Built_In_FIFO/Senior_Design_Built_In_FIFO.runs/synth_1/.Xil/Vivado-8092-Keon-PC/dcp/bram_fifo_in_context.xdc] for cell 'u_fifo/b_fifo'
Completed Processing XDC Constraints

INFO: [Project 1-111] Unisim Transformation Summary:
No Unisim elements were transformed.

Constraint Validation Runtime : Time (s): cpu = 00:00:00 ; elapsed = 00:00:00.003 . Memory (MB): peak = 664.559 ; gain = 0.000
---------------------------------------------------------------------------------
Finished Constraint Validation : Time (s): cpu = 00:00:10 ; elapsed = 00:00:11 . Memory (MB): peak = 664.559 ; gain = 453.266
---------------------------------------------------------------------------------
---------------------------------------------------------------------------------
Start Loading Part and Timing Information
---------------------------------------------------------------------------------
Loading part: xc7k70tfbv676-1
---------------------------------------------------------------------------------
Finished Loading Part and Timing Information : Time (s): cpu = 00:00:10 ; elapsed = 00:00:11 . Memory (MB): peak = 664.559 ; gain = 453.266
---------------------------------------------------------------------------------
---------------------------------------------------------------------------------
Start Applying 'set_property' XDC Constraints
---------------------------------------------------------------------------------
---------------------------------------------------------------------------------
Finished applying 'set_property' XDC Constraints : Time (s): cpu = 00:00:10 ; elapsed = 00:00:11 . Memory (MB): peak = 664.559 ; gain = 453.266
---------------------------------------------------------------------------------
INFO: [Synth 8-5545] ROM "clk_by_N" won't be mapped to RAM because address size (32) is larger than maximum supported(25)
INFO: [Synth 8-5545] ROM "counter" won't be mapped to RAM because address size (32) is larger than maximum supported(25)
INFO: [Synth 8-5545] ROM "buffer_memory_reg[0]" won't be mapped to RAM because address size (32) is larger than maximum supported(25)
INFO: [Synth 8-5545] ROM "buffer_memory_reg[1]" won't be mapped to RAM because address size (32) is larger than maximum supported(25)
INFO: [Synth 8-5545] ROM "buffer_memory_reg[2]" won't be mapped to RAM because address size (32) is larger than maximum supported(25)
INFO: [Synth 8-5545] ROM "buffer_memory_reg[3]" won't be mapped to RAM because address size (32) is larger than maximum supported(25)
INFO: [Synth 8-5545] ROM "counter" won't be mapped to RAM because address size (32) is larger than maximum supported(25)
---------------------------------------------------------------------------------
Finished RTL Optimization Phase 2 : Time (s): cpu = 00:00:10 ; elapsed = 00:00:11 . Memory (MB): peak = 664.559 ; gain = 453.266
---------------------------------------------------------------------------------

Report RTL Partitions: 
+-+--------------+------------+----------+
| |RTL Partition |Replication |Instances |
+-+--------------+------------+----------+
+-+--------------+------------+----------+
---------------------------------------------------------------------------------
Start RTL Component Statistics 
---------------------------------------------------------------------------------
Detailed RTL Component Info : 
+---Adders : 
	   2 Input     32 Bit       Adders := 2     
+---Registers : 
	               32 Bit    Registers := 2     
	                4 Bit    Registers := 4     
	                1 Bit    Registers := 1     
+---Muxes : 
	   2 Input     32 Bit        Muxes := 2     
	   2 Input      1 Bit        Muxes := 7     
---------------------------------------------------------------------------------
Finished RTL Component Statistics 
---------------------------------------------------------------------------------
---------------------------------------------------------------------------------
Start RTL Hierarchical Component Statistics 
---------------------------------------------------------------------------------
Hierarchical RTL Component report 
Module write_clk_generator 
Detailed RTL Component Info : 
+---Adders : 
	   2 Input     32 Bit       Adders := 1     
+---Registers : 
	               32 Bit    Registers := 1     
	                1 Bit    Registers := 1     
+---Muxes : 
	   2 Input     32 Bit        Muxes := 1     
	   2 Input      1 Bit        Muxes := 1     
Module input_buffer 
Detailed RTL Component Info : 
+---Adders : 
	   2 Input     32 Bit       Adders := 1     
+---Registers : 
	               32 Bit    Registers := 1     
	                4 Bit    Registers := 4     
+---Muxes : 
	   2 Input     32 Bit        Muxes := 1     
	   2 Input      1 Bit        Muxes := 6     
---------------------------------------------------------------------------------
Finished RTL Hierarchical Component Statistics
---------------------------------------------------------------------------------
---------------------------------------------------------------------------------
Start Part Resource Summary
---------------------------------------------------------------------------------
Part Resources:
DSPs: 240 (col length:80)
BRAMs: 270 (col length: RAMB18 80 RAMB36 40)
---------------------------------------------------------------------------------
Finished Part Resource Summary
---------------------------------------------------------------------------------
---------------------------------------------------------------------------------
Start Cross Boundary and Area Optimization
---------------------------------------------------------------------------------
INFO: [Synth 8-5545] ROM "u_clk_gen/counter" won't be mapped to RAM because address size (32) is larger than maximum supported(25)
INFO: [Synth 8-5545] ROM "u_clk_gen/clk_by_N" won't be mapped to RAM because address size (32) is larger than maximum supported(25)
INFO: [Synth 8-5545] ROM "u_buffer/counter" won't be mapped to RAM because address size (32) is larger than maximum supported(25)
INFO: [Synth 8-5545] ROM "u_buffer/buffer_memory_reg[0]" won't be mapped to RAM because address size (32) is larger than maximum supported(25)
INFO: [Synth 8-5545] ROM "u_buffer/buffer_memory_reg[1]" won't be mapped to RAM because address size (32) is larger than maximum supported(25)
INFO: [Synth 8-5545] ROM "u_buffer/buffer_memory_reg[2]" won't be mapped to RAM because address size (32) is larger than maximum supported(25)
INFO: [Synth 8-5545] ROM "u_buffer/buffer_memory_reg[3]" won't be mapped to RAM because address size (32) is larger than maximum supported(25)
---------------------------------------------------------------------------------
Finished Cross Boundary and Area Optimization : Time (s): cpu = 00:00:11 ; elapsed = 00:00:12 . Memory (MB): peak = 664.559 ; gain = 453.266
---------------------------------------------------------------------------------

Report RTL Partitions: 
+-+--------------+------------+----------+
| |RTL Partition |Replication |Instances |
+-+--------------+------------+----------+
+-+--------------+------------+----------+
---------------------------------------------------------------------------------
Start Timing Optimization
---------------------------------------------------------------------------------
---------------------------------------------------------------------------------
Start Applying XDC Timing Constraints
---------------------------------------------------------------------------------
---------------------------------------------------------------------------------
Finished Applying XDC Timing Constraints : Time (s): cpu = 00:00:17 ; elapsed = 00:00:18 . Memory (MB): peak = 664.559 ; gain = 453.266
---------------------------------------------------------------------------------
---------------------------------------------------------------------------------
Finished Timing Optimization : Time (s): cpu = 00:00:17 ; elapsed = 00:00:18 . Memory (MB): peak = 664.559 ; gain = 453.266
---------------------------------------------------------------------------------

Report RTL Partitions: 
+-+--------------+------------+----------+
| |RTL Partition |Replication |Instances |
+-+--------------+------------+----------+
+-+--------------+------------+----------+
---------------------------------------------------------------------------------
Start Technology Mapping
---------------------------------------------------------------------------------
---------------------------------------------------------------------------------
Finished Technology Mapping : Time (s): cpu = 00:00:17 ; elapsed = 00:00:18 . Memory (MB): peak = 664.559 ; gain = 453.266
---------------------------------------------------------------------------------

Report RTL Partitions: 
+-+--------------+------------+----------+
| |RTL Partition |Replication |Instances |
+-+--------------+------------+----------+
+-+--------------+------------+----------+
---------------------------------------------------------------------------------
Start IO Insertion
---------------------------------------------------------------------------------
---------------------------------------------------------------------------------
Start Flattening Before IO Insertion
---------------------------------------------------------------------------------
---------------------------------------------------------------------------------
Finished Flattening Before IO Insertion
---------------------------------------------------------------------------------
---------------------------------------------------------------------------------
Start Final Netlist Cleanup
---------------------------------------------------------------------------------
---------------------------------------------------------------------------------
Finished Final Netlist Cleanup
---------------------------------------------------------------------------------
---------------------------------------------------------------------------------
Finished IO Insertion : Time (s): cpu = 00:00:17 ; elapsed = 00:00:18 . Memory (MB): peak = 664.559 ; gain = 453.266
---------------------------------------------------------------------------------

Report Check Netlist: 
+------+------------------+-------+---------+-------+------------------+
|      |Item              |Errors |Warnings |Status |Description       |
+------+------------------+-------+---------+-------+------------------+
|1     |multi_driven_nets |      0|        0|Passed |Multi driven nets |
+------+------------------+-------+---------+-------+------------------+
---------------------------------------------------------------------------------
Start Renaming Generated Instances
---------------------------------------------------------------------------------
---------------------------------------------------------------------------------
Finished Renaming Generated Instances : Time (s): cpu = 00:00:17 ; elapsed = 00:00:18 . Memory (MB): peak = 664.559 ; gain = 453.266
---------------------------------------------------------------------------------

Report RTL Partitions: 
+-+--------------+------------+----------+
| |RTL Partition |Replication |Instances |
+-+--------------+------------+----------+
+-+--------------+------------+----------+
---------------------------------------------------------------------------------
Start Rebuilding User Hierarchy
---------------------------------------------------------------------------------
---------------------------------------------------------------------------------
Finished Rebuilding User Hierarchy : Time (s): cpu = 00:00:17 ; elapsed = 00:00:18 . Memory (MB): peak = 664.559 ; gain = 453.266
---------------------------------------------------------------------------------
---------------------------------------------------------------------------------
Start Renaming Generated Ports
---------------------------------------------------------------------------------
---------------------------------------------------------------------------------
Finished Renaming Generated Ports : Time (s): cpu = 00:00:17 ; elapsed = 00:00:18 . Memory (MB): peak = 664.559 ; gain = 453.266
---------------------------------------------------------------------------------
---------------------------------------------------------------------------------
Start Handling Custom Attributes
---------------------------------------------------------------------------------
---------------------------------------------------------------------------------
Finished Handling Custom Attributes : Time (s): cpu = 00:00:17 ; elapsed = 00:00:18 . Memory (MB): peak = 664.559 ; gain = 453.266
---------------------------------------------------------------------------------
---------------------------------------------------------------------------------
Start Renaming Generated Nets
---------------------------------------------------------------------------------
---------------------------------------------------------------------------------
Finished Renaming Generated Nets : Time (s): cpu = 00:00:17 ; elapsed = 00:00:18 . Memory (MB): peak = 664.559 ; gain = 453.266
---------------------------------------------------------------------------------
---------------------------------------------------------------------------------
Start Writing Synthesis Report
---------------------------------------------------------------------------------

Report BlackBoxes: 
+------+--------------+----------+
|      |BlackBox name |Instances |
+------+--------------+----------+
|1     |bram_fifo     |         1|
+------+--------------+----------+

Report Cell Usage: 
+------+---------------+------+
|      |Cell           |Count |
+------+---------------+------+
|1     |bram_fifo_bbox |     1|
|2     |BUFG           |     1|
|3     |CARRY4         |    16|
|4     |LUT1           |    66|
|5     |LUT2           |     2|
|6     |LUT4           |     8|
|7     |LUT5           |     6|
|8     |LUT6           |    37|
|9     |FDCE           |    64|
|10    |FDRE           |    33|
|11    |IBUF           |     8|
|12    |OBUF           |    26|
+------+---------------+------+

Report Instance Areas: 
+------+------------+--------------------+------+
|      |Instance    |Module              |Cells |
+------+------------+--------------------+------+
|1     |top         |                    |   295|
|2     |  u_buffer  |input_buffer        |   147|
|3     |  u_clk_gen |write_clk_generator |    82|
|4     |  u_fifo    |FIFO                |    31|
+------+------------+--------------------+------+
---------------------------------------------------------------------------------
Finished Writing Synthesis Report : Time (s): cpu = 00:00:17 ; elapsed = 00:00:18 . Memory (MB): peak = 664.559 ; gain = 453.266
---------------------------------------------------------------------------------
Synthesis finished with 0 errors, 0 critical warnings and 0 warnings.
Synthesis Optimization Runtime : Time (s): cpu = 00:00:09 ; elapsed = 00:00:12 . Memory (MB): peak = 664.559 ; gain = 111.848
Synthesis Optimization Complete : Time (s): cpu = 00:00:17 ; elapsed = 00:00:18 . Memory (MB): peak = 664.559 ; gain = 453.266
INFO: [Project 1-571] Translating synthesized netlist
INFO: [Netlist 29-17] Analyzing 24 Unisim elements for replacement
INFO: [Netlist 29-28] Unisim Transformation completed in 0 CPU seconds
INFO: [Project 1-570] Preparing netlist for logic optimization
INFO: [Opt 31-138] Pushed 0 inverter(s) to 0 load pin(s).
INFO: [Project 1-111] Unisim Transformation Summary:
No Unisim elements were transformed.

INFO: [Common 17-83] Releasing license: Synthesis
42 Infos, 5 Warnings, 0 Critical Warnings and 0 Errors encountered.
synth_design completed successfully
synth_design: Time (s): cpu = 00:00:15 ; elapsed = 00:00:16 . Memory (MB): peak = 664.559 ; gain = 405.023
INFO: [Common 17-1381] The checkpoint 'C:/Users/Keon/Dropbox/Senior_Design_3/Senior_Design_Built_In_FIFO/Senior_Design_Built_In_FIFO.runs/synth_1/logic_analyser.dcp' has been generated.
report_utilization: Time (s): cpu = 00:00:00 ; elapsed = 00:00:00.013 . Memory (MB): peak = 664.559 ; gain = 0.000
INFO: [Common 17-206] Exiting Vivado at Fri Apr 21 23:06:33 2017...
