#-----------------------------------------------------------
# Vivado v2016.4 (64-bit)
# SW Build 1733598 on Wed Dec 14 22:35:39 MST 2016
# IP Build 1731160 on Wed Dec 14 23:47:21 MST 2016
# Start of session at: Fri Apr 07 12:41:25 2017
# Process ID: 7568
# Current directory: C:/Users/Jay/Dropbox/Senior_Design
# Command line: vivado.exe -gui_launcher_event rodinguilauncherevent9628 C:\Users\Jay\Dropbox\Senior_Design\Senior_Design.xpr
# Log file: C:/Users/Jay/Dropbox/Senior_Design/vivado.log
# Journal file: C:/Users/Jay/Dropbox/Senior_Design\vivado.jou
#-----------------------------------------------------------
start_gui
open_project C:/Users/Jay/Dropbox/Senior_Design/Senior_Design.xpr
CRITICAL WARNING: [Project 1-19] Could not find the file 'C:/Users/Jay/Dropbox/Senior_Design/Senior_Design.srcs/sources_1/new/clk_divider.vhd'.
Scanning sources...
Finished scanning sources
INFO: [IP_Flow 19-234] Refreshing IP repositories
INFO: [IP_Flow 19-1704] No user IP repositories specified
INFO: [IP_Flow 19-2313] Loaded Vivado IP repository 'C:/Xilinx/Vivado/2016.4/data/ip'.
open_project: Time (s): cpu = 00:00:08 ; elapsed = 00:00:06 . Memory (MB): peak = 796.078 ; gain = 113.129
add_files -norecurse C:/Users/Jay/Dropbox/Senior_Design/Senior_Design.srcs/sources_1/new/FIFO_write_clk_generator.vhd
