Unable to capture context for thread 5736 in process 3980, can not generate back trace
Unable to capture context for thread 12264 in process 3980, can not generate back trace
Exception at PC 0x00007FF82446BB93
Printing stacktrace...

Unable to capture context for thread 14888 in process 3980, can not generate back trace
Exception at PC 0x00007FF87AB67788
Exception at PC 0x00007FF87AB67788
Exception at PC 0x00007FF87AB67788
Exception at PC 0x00007FF87AB67788
Exception at PC 0x00007FF87AB67788
Exception at PC 0x00007FF87AB67788
Exception at PC 0x00007FF87AB67788
Exception at PC 0x00007FF87AB67788
Exception at PC 0x00007FF87AB67788
Exception at PC 0x00007FF87AB67788
Exception at PC 0x00007FF87AB67788
Exception at PC 0x00007FF87AB67788
Exception at PC 0x00007FF87AB67788
Exception at PC 0x00007FF87AB67788
Exception at PC 0x00007FF87AB67788
Exception at PC 0x00007FF87AB67788
Exception at PC 0x00007FF87AB67788
Exception at PC 0x00007FF87AB67788
Exception at PC 0x00007FF87AB67788
Exception at PC 0x00007FF87AB67788
[0]  [0x00007FF82446BB93]
[1]  [0x00007FF82446BB93]
[2]  [0x00007FF82446B4A1]
[3]  [0x00007FF82446B3EF]
[4]  [0x00007FF8244519FE]
[5]  [0x00007FF824450ED1]
[6]  [0x00007FF824450D76]
[7]  [0x00007FF8243F79F6]
[8]  [0x00007FF8243E7AFB]
[9]  [0x00007FF82450E90A]
[10]  [0x00007FF824529F87]
[11]  [0x00007FF82452A05F]
[12] (BaseThreadInitThunk+0x14) [0x00007FF87D208364]
[13] (RtlUserThreadStart+0x21) [0x00007FF87E2D70D1]
Done
