Vivado Simulator 2016.4
Copyright 1986-1999, 2001-2016 Xilinx, Inc. All Rights Reserved.
Running: F:/Xilinx/Vivado/2016.4/bin/unwrapped/win64.o/xelab.exe -wto 9f579deb1f5449d5b9368598f5787c47 --debug typical --relax --mt 2 -L fifo_generator_v13_1_3 -L xil_defaultlib -L unisims_ver -L unimacro_ver -L secureip -L xpm --snapshot logic_analyser_tb_behav xil_defaultlib.logic_analyser_tb xil_defaultlib.glbl -log elaborate.log 
Using 2 slave threads.
Starting static elaboration
WARNING: [VRFC 10-1625] value in initialization depends on signal zero_buffer [C:/Users/Keon/Dropbox/Senior_Design_3/Senior_Design_Built_In_FIFO/Senior_Design_Built_In_FIFO.srcs/sources_1/new/input_buffer.vhd:36]
Completed static elaboration
Starting simulation data flow analysis
Completed simulation data flow analysis
Time Resolution for simulation is 1ps
Compiling package std.standard
Compiling package std.textio
Compiling package ieee.std_logic_1164
Compiling package ieee.math_real
Compiling package ieee.numeric_std
Compiling package vl.vl_types
Compiling module xil_defaultlib.glbl
Compiling architecture behavioral of entity xil_defaultlib.write_clk_generator [\write_clk_generator(n=4)\]
Compiling architecture behavioral of entity xil_defaultlib.input_buffer [\input_buffer(num_of_inputs=4,bu...]
Compiling module fifo_generator_v13_1_3.fifo_generator_v13_1_3_bhv_ver_s...
Compiling module fifo_generator_v13_1_3.fifo_generator_v13_1_3_CONV_VER(...
Compiling module fifo_generator_v13_1_3.fifo_generator_vlog_beh(C_COMMON...
Compiling module fifo_generator_v13_1_3.fifo_generator_v13_1_3(C_COMMON_...
Compiling module xil_defaultlib.bram_fifo
Compiling architecture behavioral of entity xil_defaultlib.FIFO [\FIFO(mem_size=32768,mem_width=1...]
Compiling architecture behavioral of entity xil_defaultlib.logic_analyser [logic_analyser_default]
Compiling architecture behavioral of entity xil_defaultlib.logic_analyser_tb
Built simulation snapshot logic_analyser_tb_behav
