#-----------------------------------------------------------
# Vivado v2016.4 (64-bit)
# SW Build 1733598 on Wed Dec 14 22:35:39 MST 2016
# IP Build 1731160 on Wed Dec 14 23:47:21 MST 2016
# Start of session at: Thu Feb 16 14:50:54 2017
# Process ID: 13400
# Current directory: C:/Users/Jay/Dropbox/Senior_Design
# Command line: vivado.exe -gui_launcher_event rodinguilauncherevent17296 C:\Users\Jay\Dropbox\Senior_Design\Senior_Design.xpr
# Log file: C:/Users/Jay/Dropbox/Senior_Design/vivado.log
# Journal file: C:/Users/Jay/Dropbox/Senior_Design\vivado.jou
#-----------------------------------------------------------
start_gui
open_project C:/Users/Jay/Dropbox/Senior_Design/Senior_Design.xpr
INFO: [Project 1-313] Project file moved from 'C:/Users/Keon/Dropbox/Senior_Design' since last save.
Scanning sources...
Finished scanning sources
INFO: [IP_Flow 19-234] Refreshing IP repositories
INFO: [IP_Flow 19-1704] No user IP repositories specified
INFO: [IP_Flow 19-2313] Loaded Vivado IP repository 'C:/Xilinx/Vivado/2016.4/data/ip'.
open_project: Time (s): cpu = 00:00:09 ; elapsed = 00:00:06 . Memory (MB): peak = 799.840 ; gain = 109.273
open_hw
connect_hw_server
INFO: [Labtools 27-2285] Connecting to hw_server url TCP:localhost:3121
open_hw_target
INFO: [Labtoolstcl 44-466] Opening hw_target localhost:3121/xilinx_tcf/Digilent/210274664068A
current_hw_device [lindex [get_hw_devices xc7a100t_0] 0]
refresh_hw_device -update_hw_probes false [lindex [get_hw_devices xc7a100t_0] 0]
INFO: [Labtools 27-1434] Device xc7a100t (JTAG device index = 0) is programmed with a design that has no supported debug core(s) in it.
WARNING: [Labtools 27-3123] The debug hub core was not detected at User Scan Chain 1 or 3.
Resolution: 
1. Make sure the clock connected to the debug hub (dbg_hub) core is a free running clock and is active OR
2. Manually launch hw_server with -e "set xsdb-user-bscan <C_USER_SCAN_CHAIN scan_chain_number>" to detect the debug hub at User Scan Chain of 2 or 4. To determine the user scan chain setting, open the implemented design and use: get_property C_USER_SCAN_CHAIN [get_debug_cores dbg_hub].
set_property PROBES.FILE {} [lindex [get_hw_devices xc7a100t_0] 0]
set_property PROGRAM.FILE {C:/Users/Jay/Dropbox/Senior_Design_Test/Senior_Design.runs/impl_2/logic_analyser.bit} [lindex [get_hw_devices xc7a100t_0] 0]
program_hw_devices [lindex [get_hw_devices xc7a100t_0] 0]
INFO: [Labtools 27-3164] End of startup status: HIGH
refresh_hw_device [lindex [get_hw_devices xc7a100t_0] 0]
INFO: [Labtools 27-1434] Device xc7a100t (JTAG device index = 0) is programmed with a design that has no supported debug core(s) in it.
WARNING: [Labtools 27-3123] The debug hub core was not detected at User Scan Chain 1 or 3.
Resolution: 
1. Make sure the clock connected to the debug hub (dbg_hub) core is a free running clock and is active OR
2. Manually launch hw_server with -e "set xsdb-user-bscan <C_USER_SCAN_CHAIN scan_chain_number>" to detect the debug hub at User Scan Chain of 2 or 4. To determine the user scan chain setting, open the implemented design and use: get_property C_USER_SCAN_CHAIN [get_debug_cores dbg_hub].
WARNING: [Labtoolstcl 44-130] No matching hw_ilas were found.
WARNING: [Labtoolstcl 44-130] No matching hw_ilas were found.
WARNING: [Labtoolstcl 44-130] No matching hw_ilas were found.
WARNING: [Labtoolstcl 44-130] No matching hw_ilas were found.
launch_simulation
INFO: [SIM-utils-51] Simulation object is 'sim_1'
INFO: [USF-XSim-37] Inspecting design source files for 'logic_analyser_tb' in fileset 'sim_1'...
INFO: [USF-XSim-97] Finding global include files...
INFO: [USF-XSim-98] Fetching design files from 'sim_1'...
INFO: [USF-XSim-2] XSim::Compile design
INFO: [USF-XSim-61] Executing 'COMPILE and ANALYZE' step in 'C:/Users/Jay/Dropbox/Senior_Design/Senior_Design.sim/sim_1/behav'
"xvhdl -m64 --relax -prj logic_analyser_tb_vhdl.prj"
INFO: [VRFC 10-163] Analyzing VHDL file "C:/Users/Jay/Dropbox/Senior_Design/Senior_Design.srcs/sources_1/new/read_synchroniser.vhd" into library xil_defaultlib
INFO: [VRFC 10-307] analyzing entity read_synchroniser
INFO: [VRFC 10-163] Analyzing VHDL file "C:/Users/Jay/Dropbox/Senior_Design/Senior_Design.srcs/sources_1/new/input_buffer.vhd" into library xil_defaultlib
INFO: [VRFC 10-307] analyzing entity input_buffer
INFO: [VRFC 10-163] Analyzing VHDL file "C:/Users/Jay/Dropbox/Senior_Design/Senior_Design.srcs/sources_1/new/clk_divider.vhd" into library xil_defaultlib
INFO: [VRFC 10-307] analyzing entity clk_generator
INFO: [VRFC 10-163] Analyzing VHDL file "C:/Users/Jay/Dropbox/Senior_Design/Senior_Design.srcs/sources_1/new/FIFO.vhd" into library xil_defaultlib
INFO: [VRFC 10-307] analyzing entity FIFO
INFO: [VRFC 10-163] Analyzing VHDL file "C:/Users/Jay/Dropbox/Senior_Design/Senior_Design.srcs/sources_1/new/logic_analyser.vhd" into library xil_defaultlib
INFO: [VRFC 10-307] analyzing entity logic_analyser
INFO: [VRFC 10-163] Analyzing VHDL file "C:/Users/Jay/Dropbox/Senior_Design/Senior_Design.srcs/sim_1/new/logic_analyser_tb.vhd" into library xil_defaultlib
INFO: [VRFC 10-307] analyzing entity logic_analyser_tb
INFO: [USF-XSim-69] 'compile' step finished in '1' seconds
INFO: [USF-XSim-3] XSim::Elaborate design
INFO: [USF-XSim-61] Executing 'ELABORATE' step in 'C:/Users/Jay/Dropbox/Senior_Design/Senior_Design.sim/sim_1/behav'
Vivado Simulator 2016.4
Copyright 1986-1999, 2001-2016 Xilinx, Inc. All Rights Reserved.
Running: C:/Xilinx/Vivado/2016.4/bin/unwrapped/win64.o/xelab.exe -wto 61dc3ce03d3940c790a07b47870f2c95 --debug typical --relax --mt 2 -L xil_defaultlib -L secureip --snapshot logic_analyser_tb_behav xil_defaultlib.logic_analyser_tb -log elaborate.log 
Using 2 slave threads.
Starting static elaboration
WARNING: [VRFC 10-1625] value in initialization depends on signal zero_buffer [C:/Users/Jay/Dropbox/Senior_Design/Senior_Design.srcs/sources_1/new/input_buffer.vhd:30]
WARNING: [VRFC 10-1625] value in initialization depends on signal zero_data [C:/Users/Jay/Dropbox/Senior_Design/Senior_Design.srcs/sources_1/new/FIFO.vhd:27]
Completed static elaboration
Starting simulation data flow analysis
Completed simulation data flow analysis
Time Resolution for simulation is 1ps
Compiling package std.standard
Compiling package std.textio
Compiling package ieee.std_logic_1164
Compiling package ieee.math_real
Compiling package ieee.numeric_std
Compiling architecture behavioral of entity xil_defaultlib.read_synchroniser [read_synchroniser_default]
Compiling architecture behavioral of entity xil_defaultlib.clk_generator [\clk_generator(n=16)\]
Compiling architecture behavioral of entity xil_defaultlib.input_buffer [\input_buffer(num_of_inputs=4,bu...]
Compiling architecture behavioral of entity xil_defaultlib.FIFO [\FIFO(mem_size=256,mem_width=64)...]
Compiling architecture behavioral of entity xil_defaultlib.logic_analyser [logic_analyser_default]
Compiling architecture behavioral of entity xil_defaultlib.logic_analyser_tb
Built simulation snapshot logic_analyser_tb_behav

****** Webtalk v2016.4 (64-bit)
  **** SW Build 1733598 on Wed Dec 14 22:35:39 MST 2016
  **** IP Build 1731160 on Wed Dec 14 23:47:21 MST 2016
    ** Copyright 1986-2016 Xilinx, Inc. All Rights Reserved.

source C:/Users/Jay/Dropbox/Senior_Design/Senior_Design.sim/sim_1/behav/xsim.dir/logic_analyser_tb_behav/webtalk/xsim_webtalk.tcl -notrace
INFO: [Common 17-186] 'C:/Users/Jay/Dropbox/Senior_Design/Senior_Design.sim/sim_1/behav/xsim.dir/logic_analyser_tb_behav/webtalk/usage_statistics_ext_xsim.xml' has been successfully sent to Xilinx on Thu Feb 16 14:54:58 2017. For additional details about this file, please refer to the WebTalk help file at C:/Xilinx/Vivado/2016.4/doc/webtalk_introduction.html.
INFO: [Common 17-206] Exiting Webtalk at Thu Feb 16 14:54:58 2017...
INFO: [USF-XSim-69] 'elaborate' step finished in '4' seconds
INFO: [USF-XSim-4] XSim::Simulate design
INFO: [USF-XSim-61] Executing 'SIMULATE' step in 'C:/Users/Jay/Dropbox/Senior_Design/Senior_Design.sim/sim_1/behav'
INFO: [USF-XSim-98] *** Running xsim
   with args "logic_analyser_tb_behav -key {Behavioral:sim_1:Functional:logic_analyser_tb} -tclbatch {logic_analyser_tb.tcl} -view {C:/Users/Jay/Dropbox/Senior_Design/FIFO_tb_behav.wcfg} -view {C:/Users/Jay/Dropbox/Senior_Design/LAnalyser_tb_behav.wcfg} -log {simulate.log}"
INFO: [USF-XSim-8] Loading simulator feature
Vivado Simulator 2016.4
Time resolution is 1 ps
open_wave_config C:/Users/Jay/Dropbox/Senior_Design/FIFO_tb_behav.wcfg
WARNING: Simulation object /FIFO_tb/rst was not found in the design.
WARNING: Simulation object /FIFO_tb/data_in was not found in the design.
WARNING: Simulation object /FIFO_tb/fifo_pm/fifo_mem was not found in the design.
WARNING: Simulation object /FIFO_tb/data_out was not found in the design.
WARNING: Simulation object /FIFO_tb/fifo_pm/read_address was not found in the design.
WARNING: Simulation object /FIFO_tb/read_clk was not found in the design.
WARNING: Simulation object /FIFO_tb/write_clk was not found in the design.
WARNING: Simulation object /FIFO_tb/fifo_pm/write_address was not found in the design.
open_wave_config C:/Users/Jay/Dropbox/Senior_Design/LAnalyser_tb_behav.wcfg
WARNING: Simulation object /logic_analyser_tb/uut/u_fifo/write_clk was not found in the design.
WARNING: Simulation object /logic_analyser_tb/uut/u_read_sync/read_en_out_temp was not found in the design.
source logic_analyser_tb.tcl
# set curr_wave [current_wave_config]
# if { [string length $curr_wave] == 0 } {
#   if { [llength [get_objects]] > 0} {
#     add_wave /
#     set_property needs_save false [current_wave_config]
#   } else {
#      send_msg_id Add_Wave-1 WARNING "No top level signals found. Simulator will start without a wave window. If you want to open a wave window go to 'File->New Waveform Configuration' or type 'create_wave_config' in the TCL console."
#   }
# }
# run 10us
INFO: [USF-XSim-96] XSim completed. Design snapshot 'logic_analyser_tb_behav' loaded.
INFO: [USF-XSim-97] XSim simulation ran for 10us
launch_simulation: Time (s): cpu = 00:00:04 ; elapsed = 00:00:09 . Memory (MB): peak = 948.523 ; gain = 1.629
close_sim
INFO: [Simtcl 6-16] Simulation closed
close_sim: Time (s): cpu = 00:00:01 ; elapsed = 00:00:06 . Memory (MB): peak = 984.926 ; gain = 0.000
exit
INFO: [Common 17-206] Exiting Vivado at Thu Feb 16 14:56:05 2017...
