#-----------------------------------------------------------
# Vivado v2016.4 (64-bit)
# SW Build 1733598 on Wed Dec 14 22:35:39 MST 2016
# IP Build 1731160 on Wed Dec 14 23:47:21 MST 2016
# Start of session at: Sat Apr 08 02:34:50 2017
# Process ID: 5964
# Current directory: C:/Users/Keon/Dropbox/Senior_Design_3/Logic_Analyser_Vivado
# Command line: vivado.exe -gui_launcher_event rodinguilauncherevent3724 C:\Users\Keon\Dropbox\Senior_Design_3\Logic_Analyser_Vivado\Senior_Design.xpr
# Log file: C:/Users/Keon/Dropbox/Senior_Design_3/Logic_Analyser_Vivado/vivado.log
# Journal file: C:/Users/Keon/Dropbox/Senior_Design_3/Logic_Analyser_Vivado\vivado.jou
#-----------------------------------------------------------
start_gui
open_project C:/Users/Keon/Dropbox/Senior_Design_3/Logic_Analyser_Vivado/Senior_Design.xpr
INFO: [Project 1-313] Project file moved from 'C:/Users/Jay/Dropbox/Senior_Design' since last save.
Scanning sources...
Finished scanning sources
INFO: [IP_Flow 19-234] Refreshing IP repositories
INFO: [IP_Flow 19-1704] No user IP repositories specified
INFO: [IP_Flow 19-2313] Loaded Vivado IP repository 'F:/Xilinx/Vivado/2016.4/data/ip'.
exit
INFO: [Common 17-206] Exiting Vivado at Sat Apr 08 02:35:03 2017...
