Exception at PC 0x000007FEBA48BB93
Printing stacktrace...

Exception at PC 0x000007FEFDA5A06D
Exception at PC 0x000007FEFDA5A06D
Unable to capture context for thread 9812 in process 7900, can not generate back trace
Exception at PC 0x000007FEFDA5A06D
Exception at PC 0x000007FEFDA5A06D
Exception at PC 0x000007FEFDA5A06D
Exception at PC 0x000007FEFDA5A06D
Exception at PC 0x000007FEFDA5A06D
Exception at PC 0x000007FEFDA5A06D
Exception at PC 0x000007FEFDA5A06D
Exception at PC 0x000007FEFDA5A06D
Exception at PC 0x000007FEFDA5A06D
Exception at PC 0x000007FEFDA5A06D
Exception at PC 0x000007FEFDA5A06D
Exception at PC 0x000007FEFDA5A06D
[0]  [0x000007FEBA48BB93]
[1]  [0x000007FEBA48BB93]
[2]  [0x000007FEBA48B4A1]
[3]  [0x000007FEBA48B3EF]
[4]  [0x000007FEBA4719FE]
[5]  [0x000007FEBA470ED1]
[6]  [0x000007FEBA470D76]
[7]  [0x000007FEBA4179F6]
[8]  [0x000007FEBA407AFB]
[9]  [0x000007FEBA52E90A]
[10]  [0x000007FEBA549F87]
[11]  [0x000007FEBA54A05F]
[12] (BaseThreadInitThunk+0xd) [0x00000000778659BD]
[13] (RtlUserThreadStart+0x21) [0x0000000077A9A2E1]
Done
Exception at PC 0x000007FEFDA5A06D
Exception at PC 0x000007FEFDA5A06D
Exception at PC 0x000007FEFDA5A06D
Exception at PC 0x000007FEFDA5A06D
